\BOOKMARK [0][-]{section*.1}{\376\377\144\130\000\040\211\201}{}% 1
\BOOKMARK [0][-]{section*.3}{\376\377\000A\000B\000S\000T\000R\000A\000C\000T}{}% 2
\BOOKMARK [0][-]{paragraph*.4}{\376\377\166\356\000\040\137\125}{}% 3
\BOOKMARK [0][-]{chapter.1}{\376\377\176\352\213\272}{}% 4
\BOOKMARK [1][-]{section.1.1}{\376\377\170\024\172\166\200\314\146\157\124\214\141\017\116\111}{chapter.1}% 5
\BOOKMARK [1][-]{section.1.2}{\376\377\126\375\121\205\131\026\170\024\172\166\163\260\162\266}{chapter.1}% 6
\BOOKMARK [2][-]{subsection.1.2.1}{\376\377\121\103\124\057\123\321\137\017\117\030\123\026\173\227\154\325\170\024\172\166\163\260\162\266}{section.1.2}% 7
\BOOKMARK [2][-]{subsection.1.2.2}{\376\377\162\171\137\201\220\011\142\351\145\271\154\325\170\024\172\166\163\260\162\266}{section.1.2}% 8
\BOOKMARK [2][-]{subsection.1.2.3}{\376\377\116\343\164\006\217\205\122\251\217\333\123\026\173\227\154\325\170\024\172\166\163\260\162\266}{section.1.2}% 9
\BOOKMARK [1][-]{section.1.3}{\376\377\140\073\117\123\142\200\147\057\150\106\147\266}{chapter.1}% 10
\BOOKMARK [1][-]{section.1.4}{\376\377\147\054\145\207\176\304\176\307\176\323\147\204\133\211\143\222}{chapter.1}% 11
\BOOKMARK [0][-]{chapter.2}{\376\377\166\370\121\163\164\006\213\272\123\312\142\200\147\057}{}% 12
\BOOKMARK [1][-]{section.2.1}{\376\377\121\103\124\057\123\321\137\017\173\227\154\325\127\372\170\100}{chapter.2}% 13
\BOOKMARK [2][-]{subsection.2.1.1}{\376\377\177\244\117\123\146\172\200\375\173\227\154\325}{section.2.1}% 14
\BOOKMARK [2][-]{subsection.2.1.2}{\376\377\217\333\123\026\173\227\154\325}{section.2.1}% 15
\BOOKMARK [2][-]{subsection.2.1.3}{\376\377\122\006\136\003\117\060\213\241\173\227\154\325}{section.2.1}% 16
\BOOKMARK [2][-]{subsection.2.1.4}{\376\377\221\317\133\120\210\114\116\072\174\222\133\120\177\244\117\030\123\026\173\227\154\325}{section.2.1}% 17
\BOOKMARK [1][-]{section.2.2}{\376\377\126\336\156\257\144\034\175\042\173\227\154\325}{chapter.2}% 18
\BOOKMARK [1][-]{section.2.3}{\376\377\162\171\137\201\220\011\142\351\142\200\147\057}{chapter.2}% 19
\BOOKMARK [2][-]{subsection.2.3.1}{\376\377\162\171\137\201\220\011\142\351\145\271\154\325\122\006\174\173}{section.2.3}% 20
\BOOKMARK [2][-]{subsection.2.3.2}{\376\377\127\372\116\216\121\103\124\057\123\321\137\017\166\204\123\005\210\371\137\017\162\171\137\201\220\011\142\351}{section.2.3}% 21
\BOOKMARK [1][-]{section.2.4}{\376\377\116\343\164\006\217\205\122\251\117\030\123\026\142\200\147\057}{chapter.2}% 22
\BOOKMARK [2][-]{subsection.2.4.1}{\376\377\116\343\164\006\152\041\127\213}{section.2.4}% 23
\BOOKMARK [2][-]{subsection.2.4.2}{\376\377\130\153\121\105\121\306\122\031}{section.2.4}% 24
\BOOKMARK [1][-]{section.2.5}{\376\377\131\032\201\302\215\114\123\132\147\072\225\356\230\230}{chapter.2}% 25
\BOOKMARK [1][-]{section.2.6}{\376\377\127\372\121\306\155\113\213\325\121\375\145\160\116\016\176\337\213\241\150\300\232\214}{chapter.2}% 26
\BOOKMARK [2][-]{subsection.2.6.1}{\376\377\127\372\121\306\155\113\213\325\121\375\145\160}{section.2.6}% 27
\BOOKMARK [2][-]{subsection.2.6.2}{\376\377\176\337\213\241\150\300\232\214\145\271\154\325}{section.2.6}% 28
\BOOKMARK [1][-]{section.2.7}{\376\377\173\227\154\325\140\047\200\375\213\304\117\060\143\007\150\007}{chapter.2}% 29
\BOOKMARK [2][-]{subsection.2.7.1}{\376\377\143\242\175\042\116\016\122\051\165\050\136\163\210\141\140\047\136\246\221\317}{section.2.7}% 30
\BOOKMARK [2][-]{subsection.2.7.2}{\376\377\162\171\137\201\220\011\142\351\213\304\117\060\143\007\150\007}{section.2.7}% 31
\BOOKMARK [1][-]{section.2.8}{\376\377\147\054\172\340\134\017\176\323}{chapter.2}% 32
\BOOKMARK [0][-]{chapter.3}{\376\377\127\372\116\216\174\276\202\361\137\025\133\374\123\330\137\002\173\126\165\145\166\204\145\071\217\333\126\336\156\257\144\034\175\042\173\227\154\325}{}% 33
\BOOKMARK [1][-]{section.3.1}{\376\377\137\025\212\000}{chapter.3}% 34
\BOOKMARK [1][-]{section.3.2}{\376\377\142\100\143\320\145\271\154\325}{chapter.3}% 35
\BOOKMARK [2][-]{subsection.3.2.1}{\376\377\170\024\172\166\122\250\147\072}{section.3.2}% 36
\BOOKMARK [2][-]{subsection.3.2.2}{\376\377\174\276\202\361\137\025\133\374\123\330\137\002\173\126\165\145}{section.3.2}% 37
\BOOKMARK [2][-]{subsection.3.2.3}{\376\377\000I\000B\000S\000A\173\227\154\325}{section.3.2}% 38
\BOOKMARK [2][-]{subsection.3.2.4}{\376\377\165\050\116\216\162\171\137\201\220\011\142\351\166\204\116\214\120\074\000I\000B\000S\000A}{section.3.2}% 39
\BOOKMARK [2][-]{subsection.3.2.5}{\376\377\213\241\173\227\131\015\147\102\136\246\122\006\147\220}{section.3.2}% 40
\BOOKMARK [1][-]{section.3.3}{\376\377\000I\000B\000S\000A\166\204\122\006\147\220\116\016\153\324\217\203}{chapter.3}% 41
\BOOKMARK [2][-]{subsection.3.3.1}{\376\377\136\163\210\141\140\047\124\214\131\032\150\067\140\047\136\246\221\317\143\007\150\007}{section.3.3}% 42
\BOOKMARK [2][-]{subsection.3.3.2}{\376\377\000I\000B\000S\000A\166\204\133\232\140\047\122\006\147\220}{section.3.3}% 43
\BOOKMARK [2][-]{subsection.3.3.3}{\376\377\116\016\127\372\170\100\121\103\124\057\123\321\137\017\173\227\154\325\166\204\153\324\217\203}{section.3.3}% 44
\BOOKMARK [2][-]{subsection.3.3.4}{\376\377\116\016\145\071\217\333\121\103\124\057\123\321\137\017\173\227\154\325\123\330\117\123\166\204\153\324\217\203}{section.3.3}% 45
\BOOKMARK [1][-]{section.3.4}{\376\377\000b\000I\000B\000S\000A\165\050\116\216\162\171\137\201\220\011\142\351}{chapter.3}% 46
\BOOKMARK [2][-]{subsection.3.4.1}{\376\377\000b\000I\000B\000S\000A\140\047\200\375\213\304\117\060\143\007\150\007}{section.3.4}% 47
\BOOKMARK [2][-]{subsection.3.4.2}{\376\377\000b\000I\000B\000S\000A\166\204\133\236\232\214\176\323\147\234\116\016\122\006\147\220}{section.3.4}% 48
\BOOKMARK [1][-]{section.3.5}{\376\377\147\054\172\340\134\017\176\323}{chapter.3}% 49
\BOOKMARK [0][-]{chapter.4}{\376\377\127\372\116\216\162\266\140\001\166\204\117\030\123\026\173\227\154\325}{}% 50
\BOOKMARK [1][-]{section.4.1}{\376\377\137\025\212\000}{chapter.4}% 51
\BOOKMARK [1][-]{section.4.2}{\376\377\142\100\143\320\127\372\116\216\162\266\140\001\166\204\117\030\123\026\173\227\154\325}{chapter.4}% 52
\BOOKMARK [2][-]{subsection.4.2.1}{\376\377\000S\000B\000O\166\204\160\165\141\037\147\145\156\220}{section.4.2}% 53
\BOOKMARK [2][-]{subsection.4.2.2}{\376\377\000S\000B\000O\166\204\145\160\133\146\136\372\152\041}{section.4.2}% 54
\BOOKMARK [2][-]{subsection.4.2.3}{\376\377\000S\000B\000O\166\204\213\241\173\227\131\015\147\102\136\246\122\006\147\220}{section.4.2}% 55
\BOOKMARK [1][-]{section.4.3}{\376\377\000S\000B\000O\166\204\140\047\200\375\213\304\117\060}{chapter.4}% 56
\BOOKMARK [2][-]{subsection.4.3.1}{\376\377\000S\000B\000O\166\204\215\050\221\317\122\006\147\220}{section.4.3}% 57
\BOOKMARK [2][-]{subsection.4.3.2}{\376\377\000S\000B\000O\166\204\127\372\121\306\155\113\213\325\153\324\217\203}{section.4.3}% 58
\BOOKMARK [2][-]{subsection.4.3.3}{\376\377\127\372\121\306\155\113\213\325\176\323\147\234\116\016\176\337\213\241\122\006\147\220}{section.4.3}% 59
\BOOKMARK [2][-]{subsection.4.3.4}{\376\377\217\320\210\114\145\366\225\364\140\047\200\375\122\006\147\220}{section.4.3}% 60
\BOOKMARK [1][-]{section.4.4}{\376\377\000S\000B\000O\165\050\116\216\131\032\226\010\120\074\126\376\120\317\122\006\122\162}{chapter.4}% 61
\BOOKMARK [2][-]{subsection.4.4.1}{\376\377\133\236\232\214\213\276\177\156}{section.4.4}% 62
\BOOKMARK [2][-]{subsection.4.4.2}{\376\377\133\236\232\214\176\323\147\234\116\016\122\006\147\220}{section.4.4}% 63
\BOOKMARK [1][-]{section.4.5}{\376\377\147\054\172\340\134\017\176\323}{chapter.4}% 64
\BOOKMARK [0][-]{chapter.5}{\376\377\127\372\116\216\215\114\123\132\147\072\232\161\122\250\166\204\201\352\220\002\136\224\144\034\175\042\116\343\164\006\217\205\122\251\217\333\123\026\173\227\154\325}{}% 65
\BOOKMARK [1][-]{section.5.1}{\376\377\137\025\212\000}{chapter.5}% 66
\BOOKMARK [1][-]{section.5.2}{\376\377\000B\000E\000X\000E\000A\173\227\154\325}{chapter.5}% 67
\BOOKMARK [2][-]{subsection.5.2.1}{\376\377\173\227\154\325\150\106\147\266}{section.5.2}% 68
\BOOKMARK [2][-]{subsection.5.2.2}{\376\377\131\032\201\302\215\114\123\132\147\072\232\161\122\250\166\204\201\352\220\002\136\224\144\034\175\042}{section.5.2}% 69
\BOOKMARK [2][-]{subsection.5.2.3}{\376\377\123\357\211\343\221\312\116\015\170\156\133\232\140\047\121\306\122\031}{section.5.2}% 70
\BOOKMARK [1][-]{section.5.3}{\376\377\145\160\120\074\133\236\232\214}{chapter.5}% 71
\BOOKMARK [2][-]{subsection.5.3.1}{\376\377\127\372\121\306\155\113\213\325\225\356\230\230}{section.5.3}% 72
\BOOKMARK [2][-]{subsection.5.3.2}{\376\377\116\016\121\110\217\333\000S\000A\000E\000A\000s\166\204\153\324\217\203}{section.5.3}% 73
\BOOKMARK [2][-]{subsection.5.3.3}{\376\377\116\073\211\201\176\304\116\366\166\204\147\011\145\110\140\047\232\214\213\301}{section.5.3}% 74
\BOOKMARK [2][-]{subsection.5.3.4}{\376\377\123\302\145\160\122\006\147\220}{section.5.3}% 75
\BOOKMARK [2][-]{subsection.5.3.5}{\376\377\154\271\205\317\116\247\221\317\117\030\123\026}{section.5.3}% 76
\BOOKMARK [1][-]{section.5.4}{\376\377\147\054\172\340\134\017\176\323}{chapter.5}% 77
\BOOKMARK [0][-]{chapter.6}{\376\377\140\073\176\323\116\016\134\125\147\033}{}% 78
\BOOKMARK [1][-]{section.6.1}{\376\377\147\054\145\207\135\345\117\134\140\073\176\323}{chapter.6}% 79
\BOOKMARK [2][-]{subsection.6.1.1}{\376\377\000I\000B\000S\000A\173\227\154\325\170\024\172\166\140\073\176\323}{section.6.1}% 80
\BOOKMARK [2][-]{subsection.6.1.2}{\376\377\000S\000B\000O\173\227\154\325\170\024\172\166\140\073\176\323}{section.6.1}% 81
\BOOKMARK [2][-]{subsection.6.1.3}{\376\377\000B\000E\000X\000E\000A\173\227\154\325\170\024\172\166\140\073\176\323}{section.6.1}% 82
\BOOKMARK [1][-]{section.6.2}{\376\377\170\024\172\166\134\125\147\033}{chapter.6}% 83
\BOOKMARK [0][-]{chapter*.48}{\376\377\123\302\200\003\145\207\163\056}{}% 84
\BOOKMARK [0][-]{chapter*.49}{\376\377\201\364\214\042}{}% 85
\BOOKMARK [0][-]{chapter*.50}{\376\377\145\073\213\373\170\125\130\353\133\146\117\115\147\037\225\364\123\326\137\227\166\204\116\073\211\201\133\146\147\057\142\020\147\234}{}% 86
